build/app/intermediates/manifest_merge_blame_file/debug/manifest-merger-blame-debug-report.txt
1<?xml version="1.0" encoding="utf-8"?>
2<manifest xmlns:android="http://schemas.android.com/apk/res/android"
3    package="com.twwm.employee_management_system"
4    android:versionCode="1"
5    android:versionName="1.0.0" >
6
7    <uses-sdk
8        android:minSdkVersion="16"
9        android:targetSdkVersion="28" />
10    <!--
11         Flutter needs it to communicate with the running application
12         to allow setting breakpoints, to provide hot reload, etc.
13    -->
14    <uses-permission android:name="android.permission.INTERNET" />
14-->src\debug\AndroidManifest.xml:6:5-66
14-->src\debug\AndroidManifest.xml:6:22-64
15    <uses-permission android:name="android.permission.READ_EXTERNAL_STORAGE" />
15-->[:image_picker] AndroidManifest.xml:7:5-80
15-->[:image_picker] AndroidManifest.xml:7:22-77
16    <uses-permission android:name="android.permission.WRITE_EXTERNAL_STORAGE" />
16-->[:image_picker] AndroidManifest.xml:8:5-81
16-->[:image_picker] AndroidManifest.xml:8:22-78
17    <uses-permission android:name="android.permission.CALL_PHONE" />
17-->[:call_number] AndroidManifest.xml:7:5-69
17-->[:call_number] AndroidManifest.xml:7:22-66
18    <uses-permission android:name="android.permission.ACCESS_FINE_LOCATION" /> <!-- Create a unique permission for your app and use it so only your app can receive your OneSignal messages. -->
18-->[:geolocator] AndroidManifest.xml:7:5-79
18-->[:geolocator] AndroidManifest.xml:7:22-76
19    <permission
19-->[com.onesignal:OneSignal:3.13.0] AndroidManifest.xml:7:5-9:47
20        android:name="com.twwm.employee_management_system.permission.C2D_MESSAGE"
20-->[com.onesignal:OneSignal:3.13.0] AndroidManifest.xml:8:9-63
21        android:protectionLevel="signature" />
21-->[com.onesignal:OneSignal:3.13.0] AndroidManifest.xml:9:9-44
22
23    <uses-permission android:name="com.twwm.employee_management_system.permission.C2D_MESSAGE" />
23-->[com.onesignal:OneSignal:3.13.0] AndroidManifest.xml:11:5-79
23-->[com.onesignal:OneSignal:3.13.0] AndroidManifest.xml:11:22-76
24    <uses-permission android:name="com.google.android.c2dm.permission.RECEIVE" /> <!-- Required, makes sure notifications are delivered on time. -->
24-->[com.onesignal:OneSignal:3.13.0] AndroidManifest.xml:17:5-82
24-->[com.onesignal:OneSignal:3.13.0] AndroidManifest.xml:17:22-79
25    <uses-permission android:name="android.permission.WAKE_LOCK" />
25-->[com.onesignal:OneSignal:3.13.0] AndroidManifest.xml:18:5-68
25-->[com.onesignal:OneSignal:3.13.0] AndroidManifest.xml:18:22-65
26    <!--
27 Required so the device vibrates on receiving a push notification.
28         Vibration settings of the device still apply.
29    -->
30    <uses-permission android:name="android.permission.VIBRATE" />
30-->[com.onesignal:OneSignal:3.13.0] AndroidManifest.xml:23:5-66
30-->[com.onesignal:OneSignal:3.13.0] AndroidManifest.xml:23:22-63
31    <uses-permission android:name="android.permission.ACCESS_NETWORK_STATE" />
31-->[com.onesignal:OneSignal:3.13.0] AndroidManifest.xml:24:5-79
31-->[com.onesignal:OneSignal:3.13.0] AndroidManifest.xml:24:22-76
32    <!--
33 Use to restore notifications the user hasn't interacted with.
34         They could be missed notifications if the user reboots their device if this isn't in place.
35    -->
36    <uses-permission android:name="android.permission.RECEIVE_BOOT_COMPLETED" /> <!-- START: ShortcutBadger -->
36-->[com.onesignal:OneSignal:3.13.0] AndroidManifest.xml:29:5-81
36-->[com.onesignal:OneSignal:3.13.0] AndroidManifest.xml:29:22-78
37    <!-- Samsung -->
38    <uses-permission android:name="com.sec.android.provider.badge.permission.READ" />
38-->[com.onesignal:OneSignal:3.13.0] AndroidManifest.xml:31:5-86
38-->[com.onesignal:OneSignal:3.13.0] AndroidManifest.xml:31:22-83
39    <uses-permission android:name="com.sec.android.provider.badge.permission.WRITE" /> <!-- HTC -->
39-->[com.onesignal:OneSignal:3.13.0] AndroidManifest.xml:32:5-87
39-->[com.onesignal:OneSignal:3.13.0] AndroidManifest.xml:32:22-84
40    <uses-permission android:name="com.htc.launcher.permission.READ_SETTINGS" />
40-->[com.onesignal:OneSignal:3.13.0] AndroidManifest.xml:33:5-81
40-->[com.onesignal:OneSignal:3.13.0] AndroidManifest.xml:33:22-78
41    <uses-permission android:name="com.htc.launcher.permission.UPDATE_SHORTCUT" /> <!-- Sony -->
41-->[com.onesignal:OneSignal:3.13.0] AndroidManifest.xml:34:5-83
41-->[com.onesignal:OneSignal:3.13.0] AndroidManifest.xml:34:22-80
42    <uses-permission android:name="com.sonyericsson.home.permission.BROADCAST_BADGE" />
42-->[com.onesignal:OneSignal:3.13.0] AndroidManifest.xml:35:5-88
42-->[com.onesignal:OneSignal:3.13.0] AndroidManifest.xml:35:22-85
43    <uses-permission android:name="com.sonymobile.home.permission.PROVIDER_INSERT_BADGE" /> <!-- Apex -->
43-->[com.onesignal:OneSignal:3.13.0] AndroidManifest.xml:36:5-92
43-->[com.onesignal:OneSignal:3.13.0] AndroidManifest.xml:36:22-89
44    <uses-permission android:name="com.anddoes.launcher.permission.UPDATE_COUNT" /> <!-- Solid -->
44-->[com.onesignal:OneSignal:3.13.0] AndroidManifest.xml:37:5-84
44-->[com.onesignal:OneSignal:3.13.0] AndroidManifest.xml:37:22-81
45    <uses-permission android:name="com.majeur.launcher.permission.UPDATE_BADGE" /> <!-- Huawei -->
45-->[com.onesignal:OneSignal:3.13.0] AndroidManifest.xml:38:5-83
45-->[com.onesignal:OneSignal:3.13.0] AndroidManifest.xml:38:22-80
46    <uses-permission android:name="com.huawei.android.launcher.permission.CHANGE_BADGE" />
46-->[com.onesignal:OneSignal:3.13.0] AndroidManifest.xml:39:5-91
46-->[com.onesignal:OneSignal:3.13.0] AndroidManifest.xml:39:22-88
47    <uses-permission android:name="com.huawei.android.launcher.permission.READ_SETTINGS" />
47-->[com.onesignal:OneSignal:3.13.0] AndroidManifest.xml:40:5-92
47-->[com.onesignal:OneSignal:3.13.0] AndroidManifest.xml:40:22-89
48    <uses-permission android:name="com.huawei.android.launcher.permission.WRITE_SETTINGS" /> <!-- ZUK -->
48-->[com.onesignal:OneSignal:3.13.0] AndroidManifest.xml:41:5-93
48-->[com.onesignal:OneSignal:3.13.0] AndroidManifest.xml:41:22-90
49    <uses-permission android:name="android.permission.READ_APP_BADGE" /> <!-- OPPO -->
49-->[com.onesignal:OneSignal:3.13.0] AndroidManifest.xml:42:5-73
49-->[com.onesignal:OneSignal:3.13.0] AndroidManifest.xml:42:22-70
50    <uses-permission android:name="com.oppo.launcher.permission.READ_SETTINGS" />
50-->[com.onesignal:OneSignal:3.13.0] AndroidManifest.xml:43:5-82
50-->[com.onesignal:OneSignal:3.13.0] AndroidManifest.xml:43:22-79
51    <uses-permission android:name="com.oppo.launcher.permission.WRITE_SETTINGS" /> <!-- EvMe -->
51-->[com.onesignal:OneSignal:3.13.0] AndroidManifest.xml:44:5-83
51-->[com.onesignal:OneSignal:3.13.0] AndroidManifest.xml:44:22-80
52    <uses-permission android:name="me.everything.badger.permission.BADGE_COUNT_READ" />
52-->[com.onesignal:OneSignal:3.13.0] AndroidManifest.xml:45:5-88
52-->[com.onesignal:OneSignal:3.13.0] AndroidManifest.xml:45:22-85
53    <uses-permission android:name="me.everything.badger.permission.BADGE_COUNT_WRITE" />
53-->[com.onesignal:OneSignal:3.13.0] AndroidManifest.xml:46:5-89
53-->[com.onesignal:OneSignal:3.13.0] AndroidManifest.xml:46:22-86
54    <uses-permission android:name="com.google.android.finsky.permission.BIND_GET_INSTALL_REFERRER_SERVICE" />
54-->[com.google.android.gms:play-services-measurement:17.2.0] AndroidManifest.xml:26:5-110
54-->[com.google.android.gms:play-services-measurement:17.2.0] AndroidManifest.xml:26:22-107
55    <!--
56 io.flutter.app.FlutterApplication is an android.app.Application that
57         calls FlutterMain.startInitialization(this); in its onCreate method.
58         In most cases you can leave this as-is, but you if you want to provide
59         additional functionality it is fine to subclass or reimplement
60         FlutterApplication and put your custom class here.
61    -->
62    <application
62-->src\main\AndroidManifest.xml:9:5-33:19
63        android:name="io.flutter.app.FlutterApplication"
63-->src\main\AndroidManifest.xml:10:9-57
64        android:appComponentFactory="androidx.core.app.CoreComponentFactory"
64-->[androidx.core:core:1.1.0] AndroidManifest.xml:24:18-86
65        android:debuggable="true"
66        android:icon="@mipmap/ic_launcher"
66-->src\main\AndroidManifest.xml:12:9-43
67        android:label="EMS" >
67-->src\main\AndroidManifest.xml:11:9-28
68        <meta-data
68-->src\main\AndroidManifest.xml:13:9-15:70
69            android:name="com.google.android.gms.ads.APPLICATION_ID"
69-->src\main\AndroidManifest.xml:14:13-69
70            android:value="ca-app-pub-1839108623836462~4846291249" />
70-->src\main\AndroidManifest.xml:15:13-67
71
72        <activity
72-->src\main\AndroidManifest.xml:16:9-27:20
73            android:name="com.twwm.employee_management_system.MainActivity"
73-->src\main\AndroidManifest.xml:17:13-41
74            android:configChanges="orientation|keyboardHidden|keyboard|screenSize|smallestScreenSize|locale|layoutDirection|fontScale|screenLayout|density|uiMode"
74-->src\main\AndroidManifest.xml:20:13-163
75            android:hardwareAccelerated="true"
75-->src\main\AndroidManifest.xml:21:13-47
76            android:launchMode="singleTop"
76-->src\main\AndroidManifest.xml:18:13-43
77            android:theme="@style/LaunchTheme"
77-->src\main\AndroidManifest.xml:19:13-47
78            android:windowSoftInputMode="adjustResize" >
78-->src\main\AndroidManifest.xml:22:13-55
79            <intent-filter>
79-->src\main\AndroidManifest.xml:23:13-26:29
80                <action android:name="android.intent.action.MAIN" />
80-->src\main\AndroidManifest.xml:24:17-68
80-->src\main\AndroidManifest.xml:24:25-66
81
82                <category android:name="android.intent.category.LAUNCHER" />
82-->src\main\AndroidManifest.xml:25:17-76
82-->src\main\AndroidManifest.xml:25:27-74
83            </intent-filter>
84        </activity>
85        <!--
86             Don't delete the meta-data below.
87             This is used by the Flutter tool to generate GeneratedPluginRegistrant.java
88        -->
89        <meta-data
89-->src\main\AndroidManifest.xml:30:9-32:33
90            android:name="flutterEmbedding"
90-->src\main\AndroidManifest.xml:31:13-44
91            android:value="2" />
91-->src\main\AndroidManifest.xml:32:13-30
92
93        <provider
93-->[:image_picker] AndroidManifest.xml:11:9-19:20
94            android:name="io.flutter.plugins.imagepicker.ImagePickerFileProvider"
94-->[:image_picker] AndroidManifest.xml:12:13-82
95            android:authorities="com.twwm.employee_management_system.flutter.image_provider"
95-->[:image_picker] AndroidManifest.xml:13:13-74
96            android:exported="false"
96-->[:image_picker] AndroidManifest.xml:14:13-37
97            android:grantUriPermissions="true" >
97-->[:image_picker] AndroidManifest.xml:15:13-47
98            <meta-data
98-->[:image_picker] AndroidManifest.xml:16:13-18:75
99                android:name="android.support.FILE_PROVIDER_PATHS"
99-->[:image_picker] AndroidManifest.xml:17:17-67
100                android:resource="@xml/flutter_image_picker_file_paths" />
100-->[:image_picker] AndroidManifest.xml:18:17-72
101        </provider>
102
103        <service
103-->[:cloud_firestore] AndroidManifest.xml:8:9-12:19
104            android:name="com.google.firebase.components.ComponentDiscoveryService"
104-->[:cloud_firestore] AndroidManifest.xml:8:18-89
105            android:directBootAware="true"
105-->[com.google.firebase:firebase-common:19.3.0] AndroidManifest.xml:34:13-43
106            android:exported="false" >
106-->[com.google.firebase:firebase-auth:19.2.0] AndroidManifest.xml:35:13-37
107            <meta-data
107-->[:cloud_firestore] AndroidManifest.xml:9:13-11:85
108                android:name="com.google.firebase.components:io.flutter.plugins.firebase.cloudfirestore.FlutterFirebaseAppRegistrar"
108-->[:cloud_firestore] AndroidManifest.xml:10:17-133
109                android:value="com.google.firebase.components.ComponentRegistrar" />
109-->[:cloud_firestore] AndroidManifest.xml:11:17-82
110            <meta-data
110-->[:firebase_auth] AndroidManifest.xml:9:13-11:85
111                android:name="com.google.firebase.components:io.flutter.plugins.firebaseauth.FlutterFirebaseAppRegistrar"
111-->[:firebase_auth] AndroidManifest.xml:10:17-122
112                android:value="com.google.firebase.components.ComponentRegistrar" />
112-->[:firebase_auth] AndroidManifest.xml:11:17-82
113            <meta-data
113-->[:firebase_storage] AndroidManifest.xml:9:13-11:85
114                android:name="com.google.firebase.components:io.flutter.plugins.firebase.storage.FlutterFirebaseAppRegistrar"
114-->[:firebase_storage] AndroidManifest.xml:10:17-126
115                android:value="com.google.firebase.components.ComponentRegistrar" />
115-->[:firebase_storage] AndroidManifest.xml:11:17-82
116            <meta-data
116-->[:firebase_core] AndroidManifest.xml:9:13-11:85
117                android:name="com.google.firebase.components:io.flutter.plugins.firebase.core.FlutterFirebaseAppRegistrar"
117-->[:firebase_core] AndroidManifest.xml:10:17-123
118                android:value="com.google.firebase.components.ComponentRegistrar" />
118-->[:firebase_core] AndroidManifest.xml:11:17-82
119            <meta-data
119-->[:firebase_crashlytics] AndroidManifest.xml:9:13-11:85
120                android:name="com.google.firebase.components:io.flutter.plugins.firebase.crashlytics.firebasecrashlytics.FlutterFirebaseAppRegistrar"
120-->[:firebase_crashlytics] AndroidManifest.xml:10:17-150
121                android:value="com.google.firebase.components.ComponentRegistrar" />
121-->[:firebase_crashlytics] AndroidManifest.xml:11:17-82
122            <meta-data
122-->[com.google.firebase:firebase-auth:19.2.0] AndroidManifest.xml:36:13-38:85
123                android:name="com.google.firebase.components:com.google.firebase.auth.FirebaseAuthRegistrar"
123-->[com.google.firebase:firebase-auth:19.2.0] AndroidManifest.xml:37:17-109
124                android:value="com.google.firebase.components.ComponentRegistrar" />
124-->[com.google.firebase:firebase-auth:19.2.0] AndroidManifest.xml:38:17-82
125            <meta-data
125-->[com.google.firebase:firebase-firestore:21.3.0] AndroidManifest.xml:20:13-22:85
126                android:name="com.google.firebase.components:com.google.firebase.firestore.FirestoreRegistrar"
126-->[com.google.firebase:firebase-firestore:21.3.0] AndroidManifest.xml:21:17-111
127                android:value="com.google.firebase.components.ComponentRegistrar" />
127-->[com.google.firebase:firebase-firestore:21.3.0] AndroidManifest.xml:22:17-82
128            <meta-data
128-->[com.google.firebase:firebase-storage:17.0.0] AndroidManifest.xml:31:13-33:85
129                android:name="com.google.firebase.components:com.google.firebase.storage.StorageRegistrar"
129-->[com.google.firebase:firebase-storage:17.0.0] AndroidManifest.xml:32:17-107
130                android:value="com.google.firebase.components.ComponentRegistrar" />
130-->[com.google.firebase:firebase-storage:17.0.0] AndroidManifest.xml:33:17-82
131            <meta-data
131-->[com.google.android.gms:play-services-measurement-api:17.2.0] AndroidManifest.xml:30:13-32:85
132                android:name="com.google.firebase.components:com.google.firebase.analytics.connector.internal.AnalyticsConnectorRegistrar"
132-->[com.google.android.gms:play-services-measurement-api:17.2.0] AndroidManifest.xml:31:17-139
133                android:value="com.google.firebase.components.ComponentRegistrar" />
133-->[com.google.android.gms:play-services-measurement-api:17.2.0] AndroidManifest.xml:32:17-82
134            <meta-data
134-->[com.google.firebase:firebase-iid:19.0.0] AndroidManifest.xml:32:13-34:85
135                android:name="com.google.firebase.components:com.google.firebase.iid.Registrar"
135-->[com.google.firebase:firebase-iid:19.0.0] AndroidManifest.xml:33:17-96
136                android:value="com.google.firebase.components.ComponentRegistrar" />
136-->[com.google.firebase:firebase-iid:19.0.0] AndroidManifest.xml:34:17-82
137        </service>
138
139        <activity
139-->[com.google.firebase:firebase-auth:19.2.0] AndroidManifest.xml:24:9-31:50
140            android:name="com.google.firebase.auth.internal.FederatedSignInActivity"
140-->[com.google.firebase:firebase-auth:19.2.0] AndroidManifest.xml:25:13-85
141            android:excludeFromRecents="true"
141-->[com.google.firebase:firebase-auth:19.2.0] AndroidManifest.xml:26:13-46
142            android:exported="true"
142-->[com.google.firebase:firebase-auth:19.2.0] AndroidManifest.xml:27:13-36
143            android:launchMode="singleTask"
143-->[com.google.firebase:firebase-auth:19.2.0] AndroidManifest.xml:28:13-44
144            android:permission="com.google.firebase.auth.api.gms.permission.LAUNCH_FEDERATED_SIGN_IN"
144-->[com.google.firebase:firebase-auth:19.2.0] AndroidManifest.xml:29:13-102
145            android:theme="@android:style/Theme.Translucent.NoTitleBar" />
145-->[com.google.firebase:firebase-auth:19.2.0] AndroidManifest.xml:30:13-72
146        <activity
146-->[com.google.android.gms:play-services-auth:17.0.0] AndroidManifest.xml:23:9-27:75
147            android:name="com.google.android.gms.auth.api.signin.internal.SignInHubActivity"
147-->[com.google.android.gms:play-services-auth:17.0.0] AndroidManifest.xml:24:13-93
148            android:excludeFromRecents="true"
148-->[com.google.android.gms:play-services-auth:17.0.0] AndroidManifest.xml:25:13-46
149            android:exported="false"
149-->[com.google.android.gms:play-services-auth:17.0.0] AndroidManifest.xml:26:13-37
150            android:theme="@android:style/Theme.Translucent.NoTitleBar" />
150-->[com.google.android.gms:play-services-auth:17.0.0] AndroidManifest.xml:27:13-72
151        <!--
152            Service handling Google Sign-In user revocation. For apps that do not integrate with
153            Google Sign-In, this service will never be started.
154        -->
155        <service
155-->[com.google.android.gms:play-services-auth:17.0.0] AndroidManifest.xml:33:9-36:110
156            android:name="com.google.android.gms.auth.api.signin.RevocationBoundService"
156-->[com.google.android.gms:play-services-auth:17.0.0] AndroidManifest.xml:34:13-89
157            android:exported="true"
157-->[com.google.android.gms:play-services-auth:17.0.0] AndroidManifest.xml:35:13-36
158            android:permission="com.google.android.gms.auth.api.signin.permission.REVOCATION_NOTIFICATION" />
158-->[com.google.android.gms:play-services-auth:17.0.0] AndroidManifest.xml:36:13-107
159
160        <meta-data
160-->[com.onesignal:OneSignal:3.13.0] AndroidManifest.xml:49:9-51:51
161            android:name="onesignal_app_id"
161-->[com.onesignal:OneSignal:3.13.0] AndroidManifest.xml:50:13-44
162            android:value="${onesignal_app_id}" /> <!-- Deprecated - Pulled from OneSignal dashboard. -->
162-->[com.onesignal:OneSignal:3.13.0] AndroidManifest.xml:51:13-48
163        <meta-data
163-->[com.onesignal:OneSignal:3.13.0] AndroidManifest.xml:53:9-55:70
164            android:name="onesignal_google_project_number"
164-->[com.onesignal:OneSignal:3.13.0] AndroidManifest.xml:54:13-59
165            android:value="str:${onesignal_google_project_number}" />
165-->[com.onesignal:OneSignal:3.13.0] AndroidManifest.xml:55:13-67
166
167        <receiver
167-->[com.onesignal:OneSignal:3.13.0] AndroidManifest.xml:57:9-67:20
168            android:name="com.onesignal.GcmBroadcastReceiver"
168-->[com.onesignal:OneSignal:3.13.0] AndroidManifest.xml:58:13-62
169            android:permission="com.google.android.c2dm.permission.SEND" >
169-->[com.onesignal:OneSignal:3.13.0] AndroidManifest.xml:59:13-73
170
171            <!-- High priority so OneSignal payloads can be filtered from other GCM receivers if filterOtherGCMReceivers is enabled. -->
172            <intent-filter android:priority="999" >
172-->[com.onesignal:OneSignal:3.13.0] AndroidManifest.xml:62:13-66:29
172-->[com.onesignal:OneSignal:3.13.0] AndroidManifest.xml:62:28-50
173                <action android:name="com.google.android.c2dm.intent.RECEIVE" />
173-->[com.onesignal:OneSignal:3.13.0] AndroidManifest.xml:63:17-81
173-->[com.onesignal:OneSignal:3.13.0] AndroidManifest.xml:63:25-78
174
175                <category android:name="com.twwm.employee_management_system" />
175-->[com.onesignal:OneSignal:3.13.0] AndroidManifest.xml:65:17-61
175-->[com.onesignal:OneSignal:3.13.0] AndroidManifest.xml:65:27-58
176            </intent-filter>
177        </receiver>
178        <receiver android:name="com.onesignal.NotificationOpenedReceiver" />
178-->[com.onesignal:OneSignal:3.13.0] AndroidManifest.xml:68:9-77
178-->[com.onesignal:OneSignal:3.13.0] AndroidManifest.xml:68:19-74
179
180        <service android:name="com.onesignal.GcmIntentService" />
180-->[com.onesignal:OneSignal:3.13.0] AndroidManifest.xml:70:9-66
180-->[com.onesignal:OneSignal:3.13.0] AndroidManifest.xml:70:18-63
181        <service
181-->[com.onesignal:OneSignal:3.13.0] AndroidManifest.xml:71:9-73:72
182            android:name="com.onesignal.GcmIntentJobService"
182-->[com.onesignal:OneSignal:3.13.0] AndroidManifest.xml:72:13-61
183            android:permission="android.permission.BIND_JOB_SERVICE" />
183-->[com.onesignal:OneSignal:3.13.0] AndroidManifest.xml:73:13-69
184        <service
184-->[com.onesignal:OneSignal:3.13.0] AndroidManifest.xml:74:9-76:72
185            android:name="com.onesignal.RestoreJobService"
185-->[com.onesignal:OneSignal:3.13.0] AndroidManifest.xml:75:13-59
186            android:permission="android.permission.BIND_JOB_SERVICE" />
186-->[com.onesignal:OneSignal:3.13.0] AndroidManifest.xml:76:13-69
187        <service
187-->[com.onesignal:OneSignal:3.13.0] AndroidManifest.xml:77:9-79:72
188            android:name="com.onesignal.RestoreKickoffJobService"
188-->[com.onesignal:OneSignal:3.13.0] AndroidManifest.xml:78:13-66
189            android:permission="android.permission.BIND_JOB_SERVICE" />
189-->[com.onesignal:OneSignal:3.13.0] AndroidManifest.xml:79:13-69
190        <service
190-->[com.onesignal:OneSignal:3.13.0] AndroidManifest.xml:80:9-82:43
191            android:name="com.onesignal.SyncService"
191-->[com.onesignal:OneSignal:3.13.0] AndroidManifest.xml:81:13-53
192            android:stopWithTask="true" />
192-->[com.onesignal:OneSignal:3.13.0] AndroidManifest.xml:82:13-40
193        <service
193-->[com.onesignal:OneSignal:3.13.0] AndroidManifest.xml:83:9-85:72
194            android:name="com.onesignal.SyncJobService"
194-->[com.onesignal:OneSignal:3.13.0] AndroidManifest.xml:84:13-56
195            android:permission="android.permission.BIND_JOB_SERVICE" />
195-->[com.onesignal:OneSignal:3.13.0] AndroidManifest.xml:85:13-69
196
197        <activity
197-->[com.onesignal:OneSignal:3.13.0] AndroidManifest.xml:87:9-89:75
198            android:name="com.onesignal.PermissionsActivity"
198-->[com.onesignal:OneSignal:3.13.0] AndroidManifest.xml:88:13-61
199            android:theme="@android:style/Theme.Translucent.NoTitleBar" />
199-->[com.onesignal:OneSignal:3.13.0] AndroidManifest.xml:89:13-72
200
201        <service android:name="com.onesignal.NotificationRestoreService" />
201-->[com.onesignal:OneSignal:3.13.0] AndroidManifest.xml:91:9-76
201-->[com.onesignal:OneSignal:3.13.0] AndroidManifest.xml:91:18-73
202
203        <receiver android:name="com.onesignal.BootUpReceiver" >
203-->[com.onesignal:OneSignal:3.13.0] AndroidManifest.xml:93:9-98:20
203-->[com.onesignal:OneSignal:3.13.0] AndroidManifest.xml:93:19-62
204            <intent-filter>
204-->[com.onesignal:OneSignal:3.13.0] AndroidManifest.xml:94:13-97:29
205                <action android:name="android.intent.action.BOOT_COMPLETED" />
205-->[com.onesignal:OneSignal:3.13.0] AndroidManifest.xml:95:17-79
205-->[com.onesignal:OneSignal:3.13.0] AndroidManifest.xml:95:25-76
206                <action android:name="android.intent.action.QUICKBOOT_POWERON" />
206-->[com.onesignal:OneSignal:3.13.0] AndroidManifest.xml:96:17-82
206-->[com.onesignal:OneSignal:3.13.0] AndroidManifest.xml:96:25-79
207            </intent-filter>
208        </receiver>
209        <receiver android:name="com.onesignal.UpgradeReceiver" >
209-->[com.onesignal:OneSignal:3.13.0] AndroidManifest.xml:99:9-103:20
209-->[com.onesignal:OneSignal:3.13.0] AndroidManifest.xml:99:19-63
210            <intent-filter>
210-->[com.onesignal:OneSignal:3.13.0] AndroidManifest.xml:100:13-102:29
211                <action android:name="android.intent.action.MY_PACKAGE_REPLACED" />
211-->[com.onesignal:OneSignal:3.13.0] AndroidManifest.xml:101:17-84
211-->[com.onesignal:OneSignal:3.13.0] AndroidManifest.xml:101:25-81
212            </intent-filter>
213        </receiver>
214        <!--
215             FirebaseMessagingService performs security checks at runtime,
216             but set to not exported to explicitly avoid allowing another app to call it.
217        -->
218        <service
218-->[com.google.firebase:firebase-messaging:18.0.0] AndroidManifest.xml:28:9-34:19
219            android:name="com.google.firebase.messaging.FirebaseMessagingService"
219-->[com.google.firebase:firebase-messaging:18.0.0] AndroidManifest.xml:29:13-82
220            android:exported="false" >
220-->[com.google.firebase:firebase-messaging:18.0.0] AndroidManifest.xml:30:13-37
221            <intent-filter android:priority="-500" >
221-->[com.google.firebase:firebase-messaging:18.0.0] AndroidManifest.xml:31:13-33:29
221-->[com.google.firebase:firebase-messaging:18.0.0] AndroidManifest.xml:31:28-51
222                <action android:name="com.google.firebase.MESSAGING_EVENT" />
222-->[com.google.firebase:firebase-messaging:18.0.0] AndroidManifest.xml:32:17-78
222-->[com.google.firebase:firebase-messaging:18.0.0] AndroidManifest.xml:32:25-75
223            </intent-filter>
224        </service>
225
226        <receiver
226-->[com.google.firebase:firebase-iid:19.0.0] AndroidManifest.xml:37:9-44:20
227            android:name="com.google.firebase.iid.FirebaseInstanceIdReceiver"
227-->[com.google.firebase:firebase-iid:19.0.0] AndroidManifest.xml:38:13-78
228            android:exported="true"
228-->[com.google.firebase:firebase-iid:19.0.0] AndroidManifest.xml:39:13-36
229            android:permission="com.google.android.c2dm.permission.SEND" >
229-->[com.google.firebase:firebase-iid:19.0.0] AndroidManifest.xml:40:13-73
230            <intent-filter>
230-->[com.google.firebase:firebase-iid:19.0.0] AndroidManifest.xml:41:13-43:29
231                <action android:name="com.google.android.c2dm.intent.RECEIVE" />
231-->[com.onesignal:OneSignal:3.13.0] AndroidManifest.xml:63:17-81
231-->[com.onesignal:OneSignal:3.13.0] AndroidManifest.xml:63:25-78
232            </intent-filter>
233        </receiver>
234
235        <activity
235-->[com.google.android.gms:play-services-base:17.1.0] AndroidManifest.xml:23:9-26:75
236            android:name="com.google.android.gms.common.api.GoogleApiActivity"
236-->[com.google.android.gms:play-services-base:17.1.0] AndroidManifest.xml:24:13-79
237            android:exported="false"
237-->[com.google.android.gms:play-services-base:17.1.0] AndroidManifest.xml:25:13-37
238            android:theme="@android:style/Theme.Translucent.NoTitleBar" />
238-->[com.google.android.gms:play-services-base:17.1.0] AndroidManifest.xml:26:13-72
239
240        <receiver
240-->[com.google.android.gms:play-services-measurement:17.2.0] AndroidManifest.xml:29:9-33:20
241            android:name="com.google.android.gms.measurement.AppMeasurementReceiver"
241-->[com.google.android.gms:play-services-measurement:17.2.0] AndroidManifest.xml:30:13-85
242            android:enabled="true"
242-->[com.google.android.gms:play-services-measurement:17.2.0] AndroidManifest.xml:31:13-35
243            android:exported="false" >
243-->[com.google.android.gms:play-services-measurement:17.2.0] AndroidManifest.xml:32:13-37
244        </receiver>
245        <receiver
245-->[com.google.android.gms:play-services-measurement:17.2.0] AndroidManifest.xml:34:9-42:20
246            android:name="com.google.android.gms.measurement.AppMeasurementInstallReferrerReceiver"
246-->[com.google.android.gms:play-services-measurement:17.2.0] AndroidManifest.xml:35:13-100
247            android:enabled="true"
247-->[com.google.android.gms:play-services-measurement:17.2.0] AndroidManifest.xml:36:13-35
248            android:exported="true"
248-->[com.google.android.gms:play-services-measurement:17.2.0] AndroidManifest.xml:37:13-36
249            android:permission="android.permission.INSTALL_PACKAGES" >
249-->[com.google.android.gms:play-services-measurement:17.2.0] AndroidManifest.xml:38:13-69
250            <intent-filter>
250-->[com.google.android.gms:play-services-measurement:17.2.0] AndroidManifest.xml:39:13-41:29
251                <action android:name="com.android.vending.INSTALL_REFERRER" />
251-->[com.google.android.gms:play-services-measurement:17.2.0] AndroidManifest.xml:40:17-79
251-->[com.google.android.gms:play-services-measurement:17.2.0] AndroidManifest.xml:40:25-76
252            </intent-filter>
253        </receiver>
254
255        <service
255-->[com.google.android.gms:play-services-measurement:17.2.0] AndroidManifest.xml:44:9-47:40
256            android:name="com.google.android.gms.measurement.AppMeasurementService"
256-->[com.google.android.gms:play-services-measurement:17.2.0] AndroidManifest.xml:45:13-84
257            android:enabled="true"
257-->[com.google.android.gms:play-services-measurement:17.2.0] AndroidManifest.xml:46:13-35
258            android:exported="false" />
258-->[com.google.android.gms:play-services-measurement:17.2.0] AndroidManifest.xml:47:13-37
259        <service
259-->[com.google.android.gms:play-services-measurement:17.2.0] AndroidManifest.xml:48:9-52:72
260            android:name="com.google.android.gms.measurement.AppMeasurementJobService"